02:53:52 [undefined] error: Page Not Found Page Not Found
02:53:53 [undefined] error: Page Not Found Page Not Found
02:53:58 [undefined] error: Page Not Found Page Not Found
02:54:18 [undefined] error: Page Not Found Page Not Found
02:54:42 [undefined] error: error is not defined error is not defined
02:54:42 [undefined] error: error is not defined error is not defined
02:55:58 [undefined] error: Page Not Found Page Not Found
02:56:38 [undefined] error: Page Not Found Page Not Found
02:57:02 [undefined] error: Page Not Found Page Not Found
02:57:28 [undefined] error: Page Not Found Page Not Found
02:57:31 [undefined] error: Page Not Found Page Not Found
02:57:34 [undefined] error: Page Not Found Page Not Found
02:57:40 [undefined] error: Page Not Found Page Not Found
02:57:51 [undefined] error: Page Not Found Page Not Found
02:57:51 [undefined] error: Page Not Found Page Not Found
02:58:31 [undefined] error: Page Not Found Page Not Found
03:02:30 [undefined] error: Page Not Found Page Not Found
n03:02:44 [undefined] error: Page Not Found Page Not Found
03:03:36 [undefined] error: Page Not Found Page Not Found
03:03:36 [undefined] error: Page Not Found Page Not Found
03:04:03 [undefined] error: Page Not Found Page Not Found
08:12:54 [undefined] error: Cannot read properties of undefined (reading 'product_price') Cannot read properties of undefined (reading 'product_price')
08:14:17 [undefined] error: Cannot read properties of undefined (reading 'toLocaleString') Cannot read properties of undefined (reading 'toLocaleString')
08:14:52 [undefined] error: Cannot set properties of undefined (setting 'product_price') Cannot set properties of undefined (setting 'product_price')
08:15:05 [undefined] error: Cannot set properties of undefined (setting 'product_price') Cannot set properties of undefined (setting 'product_price')
08:23:09 [undefined] error: Cannot set properties of undefined (setting 'product_price') Cannot set properties of undefined (setting 'product_price')
08:24:17 [undefined] error: latestProducts is not defined latestProducts is not defined
08:24:33 [undefined] error: latestProducts is not defined latestProducts is not defined
08:24:39 [undefined] error: latestProducts is not defined latestProducts is not defined
08:26:09 [undefined] error: Cannot set properties of undefined (setting 'product_price') Cannot set properties of undefined (setting 'product_price')
08:28:19 [undefined] error: Cannot set properties of undefined (setting 'product_price') Cannot set properties of undefined (setting 'product_price')
08:29:43 [undefined] error: Cannot set properties of undefined (setting 'product_price') Cannot set properties of undefined (setting 'product_price')
08:30:31 [undefined] error: Cannot set properties of undefined (setting 'product_price') Cannot set properties of undefined (setting 'product_price')
09:33:05 [undefined] error: Page Not Found Page Not Found
09:33:14 [undefined] error: Page Not Found Page Not Found
14:33:43 [undefined] error: Page Not Found Page Not Found
14:33:45 [undefined] error: Page Not Found Page Not Found
14:34:19 [undefined] error: Page Not Found Page Not Found
14:34:21 [undefined] error: Page Not Found Page Not Found
05:22:54 error: "undefined" is not valid JSON "undefined" is not valid JSON
05:22:54 error: Page Not Found Page Not Found
05:23:05 error: "undefined" is not valid JSON "undefined" is not valid JSON
05:38:26 error: Page Not Found Page Not Found
05:38:26 error: Page Not Found Page Not Found
05:38:27 error: Page Not Found Page Not Found
05:38:28 error: Page Not Found Page Not Found
05:38:28 error: Page Not Found Page Not Found
05:38:57 error: Page Not Found Page Not Found
05:38:57 error: Page Not Found Page Not Found
05:38:58 error: Page Not Found Page Not Found
05:38:58 error: Page Not Found Page Not Found
